
ROM used:   147/8192 (2%)
            147/8192 (2%) including unused fragments

            0.1 Average locations per line
            10.5 Average locations per statement

RAM used:   11/1024 (1%) at main() level
            24/1024 (2%) worst case

Stack used: 1 worst case (0 in main + 1 for interrupts)
Stack size: 15

Lines Stmts  %   Files
----- ----- ---  -----
   44    14 100  main.c
  940     0   0  C:\Program Files\PICC 5.051\devices\16LF1825.h
  163     0   0  C:\Program Files\PICC 5.051\drivers\stdint.h
----- -----
 1147    14 Total

Page ROM  %  RAM    Vol Diff  Functions:
---- --- --- ---    --- ----  ----------
0     21  14    1             @delay_ms1
0      6   4    0             @PUTCHARI_BIU_1
0     58  39    1    179  1.8  main
0     11   7    1     54  1.8  Rx_Da_INT
0     10   7    0     37  1.1  Tx_Be_INT
 Inline         0             @cinit1

Program metrics:
    Functions               3
    Statements              14
    Comments                207
    Volume (V)              365
    Difficulty (D)          4.3
    Effort to implement (E) 1585
    Time to implement (T)   1 minutes
    Est Delivered Bugs (B)  0
    Cyclomatic Complexity   1
    Maintainability (MI)    136

 Segment     Used  Free
-----------  ----  ----
00000-00002     3  0  
00003-00003     0  1  
00004-00029    38  0  
0002A-007FF   106  1900  
00800-00FFF     0  2048  
01000-017FF     0  2048  
01800-01FFF     0  2048  



